<?xml version="1.0" encoding="UTF-8"?>
<!-- Generated by org.testng.reporters.JUnitReportReporter -->
<testsuite skipped="0" hostname="VNWM47-IND-LT" name="TestCases.SearchFunction" tests="1" failures="0" timestamp="23 Aug 2019 16:34:36 GMT" time="71.634" errors="0">
  <testcase name="test" time="71.634" classname="TestCases.SearchFunction"/>
</testsuite> <!-- TestCases.SearchFunction -->
